# JRE version: OpenJDK Runtime Environment GraalVM CE 22.3.0 (17.0.5+8) (build 17.0.5+8-jvmci-22.3-b08)
# Java VM: OpenJDK 64-Bit Server VM GraalVM CE 22.3.0 (17.0.5+8-jvmci-22.3-b08, mixed mode, sharing, tiered, jvmci, jvmci compiler, compressed oops, compressed class ptrs, parallel gc, linux-amd64)
GC Precious Log:
 CPUs: 4 total, 1 available
 Memory: 1024M
 Large Page Support: Disabled
 NUMA Support: Disabled
 Compressed Oops: Enabled (32-bit)
 Alignments: Space 512K, Generation 512K, Heap 2M
 Heap Min Capacity: 100M
 Heap Initial Capacity: 100M
 Heap Max Capacity: 512M
 Pre-touch: Disabled
 Parallel Workers: 1
Heap:
 PSYoungGen      total 24064K, used 13312K [0x00000000f5580000, 0x00000000f7900000, 0x0000000100000000)
  eden space 13312K, 100% used [0x00000000f5580000,0x00000000f6280000,0x00000000f6280000)
  from space 10752K, 0% used [0x00000000f6e80000,0x00000000f6e80000,0x00000000f7900000)
  to   space 4096K, 0% used [0x00000000f6280000,0x00000000f6280000,0x00000000f6680000)
 ParOldGen       total 349696K, used 349696K [0x00000000e0000000, 0x00000000f5580000, 0x00000000f5580000)
  object space 349696K, 100% used [0x00000000e0000000,0x00000000f5580000,0x00000000f5580000)
 Metaspace       used 64597K, committed 65536K, reserved 1114112K
  class space    used 6296K, committed 6720K, reserved 1048576K
GC Heap History (20 events):
Event: 765.674 GC heap before
{Heap before GC invocations=651 (full 470):
 PSYoungGen      total 24064K, used 13311K [0x00000000f5580000, 0x00000000f7900000, 0x0000000100000000)
  eden space 13312K, 99% used [0x00000000f5580000,0x00000000f627fff8,0x00000000f6280000)
  from space 10752K, 0% used [0x00000000f6e80000,0x00000000f6e80000,0x00000000f7900000)
  to   space 4096K, 0% used [0x00000000f6280000,0x00000000f6280000,0x00000000f6680000)
 ParOldGen       total 349696K, used 349695K [0x00000000e0000000, 0x00000000f5580000, 0x00000000f5580000)
  object space 349696K, 99% used [0x00000000e0000000,0x00000000f557fe68,0x00000000f5580000)
 Metaspace       used 64596K, committed 65536K, reserved 1114112K
  class space    used 6296K, committed 6720K, reserved 1048576K
}
Event: 767.050 GC heap after
{Heap after GC invocations=651 (full 470):
 PSYoungGen      total 17408K, used 13311K [0x00000000f5580000, 0x00000000f7900000, 0x0000000100000000)
  eden space 13312K, 99% used [0x00000000f5580000,0x00000000f627fff8,0x00000000f6280000)
  from space 4096K, 0% used [0x00000000f6280000,0x00000000f6280000,0x00000000f6680000)
  to   space 10752K, 0% used [0x00000000f6e80000,0x00000000f6e80000,0x00000000f7900000)
 ParOldGen       total 349696K, used 349695K [0x00000000e0000000, 0x00000000f5580000, 0x00000000f5580000)
  object space 349696K, 99% used [0x00000000e0000000,0x00000000f557fd90,0x00000000f5580000)
 Metaspace       used 64596K, committed 65536K, reserved 1114112K
  class space    used 6296K, committed 6720K, reserved 1048576K
}
Event: 767.050 GC heap before
{Heap before GC invocations=652 (full 471):
 PSYoungGen      total 17408K, used 13311K [0x00000000f5580000, 0x00000000f7900000, 0x0000000100000000)
  eden space 13312K, 99% used [0x00000000f5580000,0x00000000f627fff8,0x00000000f6280000)
  from space 4096K, 0% used [0x00000000f6280000,0x00000000f6280000,0x00000000f6680000)
  to   space 10752K, 0% used [0x00000000f6e80000,0x00000000f6e80000,0x00000000f7900000)
 ParOldGen       total 349696K, used 349695K [0x00000000e0000000, 0x00000000f5580000, 0x00000000f5580000)
  object space 349696K, 99% used [0x00000000e0000000,0x00000000f557ffe0,0x00000000f5580000)
 Metaspace       used 64596K, committed 65536K, reserved 1114112K
  class space    used 6296K, committed 6720K, reserved 1048576K
}
Event: 768.260 GC heap after
{Heap after GC invocations=652 (full 471):
 PSYoungGen      total 24064K, used 13311K [0x00000000f5580000, 0x00000000f7900000, 0x0000000100000000)
  eden space 13312K, 99% used [0x00000000f5580000,0x00000000f627ff70,0x00000000f6280000)
  from space 10752K, 0% used [0x00000000f6e80000,0x00000000f6e80000,0x00000000f7900000)
  to   space 4096K, 0% used [0x00000000f6280000,0x00000000f6280000,0x00000000f6680000)
 ParOldGen       total 349696K, used 349695K [0x00000000e0000000, 0x00000000f5580000, 0x00000000f5580000)
  object space 349696K, 99% used [0x00000000e0000000,0x00000000f557ff90,0x00000000f5580000)
 Metaspace       used 64596K, committed 65536K, reserved 1114112K
  class space    used 6296K, committed 6720K, reserved 1048576K
}
Event: 768.260 GC heap before
{Heap before GC invocations=653 (full 472):
 PSYoungGen      total 24064K, used 13311K [0x00000000f5580000, 0x00000000f7900000, 0x0000000100000000)
  eden space 13312K, 99% used [0x00000000f5580000,0x00000000f627ff70,0x00000000f6280000)
  from space 10752K, 0% used [0x00000000f6e80000,0x00000000f6e80000,0x00000000f7900000)
  to   space 4096K, 0% used [0x00000000f6280000,0x00000000f6280000,0x00000000f6680000)
 ParOldGen       total 349696K, used 349695K [0x00000000e0000000, 0x00000000f5580000, 0x00000000f5580000)
  object space 349696K, 99% used [0x00000000e0000000,0x00000000f557ff90,0x00000000f5580000)
 Metaspace       used 64596K, committed 65536K, reserved 1114112K
  class space    used 6296K, committed 6720K, reserved 1048576K
}
Event: 769.460 GC heap after
{Heap after GC invocations=653 (full 472):
 PSYoungGen      total 17408K, used 13311K [0x00000000f5580000, 0x00000000f7900000, 0x0000000100000000)
  eden space 13312K, 99% used [0x00000000f5580000,0x00000000f627fc28,0x00000000f6280000)
  from space 4096K, 0% used [0x00000000f6280000,0x00000000f6280000,0x00000000f6680000)
  to   space 10752K, 0% used [0x00000000f6e80000,0x00000000f6e80000,0x00000000f7900000)
 ParOldGen       total 349696K, used 349694K [0x00000000e0000000, 0x00000000f5580000, 0x00000000f5580000)
  object space 349696K, 99% used [0x00000000e0000000,0x00000000f557fa48,0x00000000f5580000)
 Metaspace       used 64596K, committed 65536K, reserved 1114112K
  class space    used 6296K, committed 6720K, reserved 1048576K
}
Event: 769.464 GC heap before
{Heap before GC invocations=654 (full 473):
 PSYoungGen      total 17408K, used 13311K [0x00000000f5580000, 0x00000000f7900000, 0x0000000100000000)
  eden space 13312K, 99% used [0x00000000f5580000,0x00000000f627fff8,0x00000000f6280000)
  from space 4096K, 0% used [0x00000000f6280000,0x00000000f6280000,0x00000000f6680000)
  to   space 10752K, 0% used [0x00000000f6e80000,0x00000000f6e80000,0x00000000f7900000)
 ParOldGen       total 349696K, used 349695K [0x00000000e0000000, 0x00000000f5580000, 0x00000000f5580000)
  object space 349696K, 99% used [0x00000000e0000000,0x00000000f557fff0,0x00000000f5580000)
 Metaspace       used 64596K, committed 65536K, reserved 1114112K
  class space    used 6296K, committed 6720K, reserved 1048576K
}
Event: 770.771 GC heap after
{Heap after GC invocations=654 (full 473):
 PSYoungGen      total 24064K, used 13311K [0x00000000f5580000, 0x00000000f7900000, 0x0000000100000000)
  eden space 13312K, 99% used [0x00000000f5580000,0x00000000f627fc48,0x00000000f6280000)
  from space 10752K, 0% used [0x00000000f6e80000,0x00000000f6e80000,0x00000000f7900000)
  to   space 4096K, 0% used [0x00000000f6280000,0x00000000f6280000,0x00000000f6680000)
 ParOldGen       total 349696K, used 349694K [0x00000000e0000000, 0x00000000f5580000, 0x00000000f5580000)
  object space 349696K, 99% used [0x00000000e0000000,0x00000000f557fa90,0x00000000f5580000)
 Metaspace       used 64596K, committed 65536K, reserved 1114112K
  class space    used 6296K, committed 6720K, reserved 1048576K
}
Event: 770.776 GC heap before
{Heap before GC invocations=655 (full 474):
 PSYoungGen      total 24064K, used 13312K [0x00000000f5580000, 0x00000000f7900000, 0x0000000100000000)
  eden space 13312K, 100% used [0x00000000f5580000,0x00000000f6280000,0x00000000f6280000)
  from space 10752K, 0% used [0x00000000f6e80000,0x00000000f6e80000,0x00000000f7900000)
  to   space 4096K, 0% used [0x00000000f6280000,0x00000000f6280000,0x00000000f6680000)
 ParOldGen       total 349696K, used 349694K [0x00000000e0000000, 0x00000000f5580000, 0x00000000f5580000)
  object space 349696K, 99% used [0x00000000e0000000,0x00000000f557fa90,0x00000000f5580000)
 Metaspace       used 64596K, committed 65536K, reserved 1114112K
  class space    used 6296K, committed 6720K, reserved 1048576K
}
Event: 771.897 GC heap after
{Heap after GC invocations=655 (full 474):
 PSYoungGen      total 17408K, used 13311K [0x00000000f5580000, 0x00000000f7900000, 0x0000000100000000)
  eden space 13312K, 99% used [0x00000000f5580000,0x00000000f627fd38,0x00000000f6280000)
  from space 4096K, 0% used [0x00000000f6280000,0x00000000f6280000,0x00000000f6680000)
  to   space 10752K, 0% used [0x00000000f6e80000,0x00000000f6e80000,0x00000000f7900000)
 ParOldGen       total 349696K, used 349694K [0x00000000e0000000, 0x00000000f5580000, 0x00000000f5580000)
  object space 349696K, 99% used [0x00000000e0000000,0x00000000f557f8e8,0x00000000f5580000)
 Metaspace       used 64596K, committed 65536K, reserved 1114112K
  class space    used 6296K, committed 6720K, reserved 1048576K
}
Event: 771.897 GC heap before
{Heap before GC invocations=656 (full 475):
 PSYoungGen      total 17408K, used 13311K [0x00000000f5580000, 0x00000000f7900000, 0x0000000100000000)
  eden space 13312K, 99% used [0x00000000f5580000,0x00000000f627fff8,0x00000000f6280000)
  from space 4096K, 0% used [0x00000000f6280000,0x00000000f6280000,0x00000000f6680000)
  to   space 10752K, 0% used [0x00000000f6e80000,0x00000000f6e80000,0x00000000f7900000)
 ParOldGen       total 349696K, used 349694K [0x00000000e0000000, 0x00000000f5580000, 0x00000000f5580000)
  object space 349696K, 99% used [0x00000000e0000000,0x00000000f557f8e8,0x00000000f5580000)
 Metaspace       used 64596K, committed 65536K, reserved 1114112K
  class space    used 6296K, committed 6720K, reserved 1048576K
}
Event: 773.068 GC heap after
{Heap after GC invocations=656 (full 475):
 PSYoungGen      total 24064K, used 13311K [0x00000000f5580000, 0x00000000f7900000, 0x0000000100000000)
  eden space 13312K, 99% used [0x00000000f5580000,0x00000000f627fee8,0x00000000f6280000)
  from space 10752K, 0% used [0x00000000f6e80000,0x00000000f6e80000,0x00000000f7900000)
  to   space 4096K, 0% used [0x00000000f6280000,0x00000000f6280000,0x00000000f6680000)
 ParOldGen       total 349696K, used 349694K [0x00000000e0000000, 0x00000000f5580000, 0x00000000f5580000)
  object space 349696K, 99% used [0x00000000e0000000,0x00000000f557f898,0x00000000f5580000)
 Metaspace       used 64596K, committed 65536K, reserved 1114112K
  class space    used 6296K, committed 6720K, reserved 1048576K
}
Event: 773.068 GC heap before
{Heap before GC invocations=657 (full 476):
 PSYoungGen      total 24064K, used 13311K [0x00000000f5580000, 0x00000000f7900000, 0x0000000100000000)
  eden space 13312K, 99% used [0x00000000f5580000,0x00000000f627fff0,0x00000000f6280000)
  from space 10752K, 0% used [0x00000000f6e80000,0x00000000f6e80000,0x00000000f7900000)
  to   space 4096K, 0% used [0x00000000f6280000,0x00000000f6280000,0x00000000f6680000)
 ParOldGen       total 349696K, used 349694K [0x00000000e0000000, 0x00000000f5580000, 0x00000000f5580000)
  object space 349696K, 99% used [0x00000000e0000000,0x00000000f557f898,0x00000000f5580000)
 Metaspace       used 64596K, committed 65536K, reserved 1114112K
  class space    used 6296K, committed 6720K, reserved 1048576K
}
Event: 774.177 GC heap after
{Heap after GC invocations=657 (full 476):
 PSYoungGen      total 17408K, used 13311K [0x00000000f5580000, 0x00000000f7900000, 0x0000000100000000)
  eden space 13312K, 99% used [0x00000000f5580000,0x00000000f627ffa0,0x00000000f6280000)
  from space 4096K, 0% used [0x00000000f6280000,0x00000000f6280000,0x00000000f6680000)
  to   space 10752K, 0% used [0x00000000f6e80000,0x00000000f6e80000,0x00000000f7900000)
 ParOldGen       total 349696K, used 349694K [0x00000000e0000000, 0x00000000f5580000, 0x00000000f5580000)
  object space 349696K, 99% used [0x00000000e0000000,0x00000000f557f898,0x00000000f5580000)
 Metaspace       used 64596K, committed 65536K, reserved 1114112K
  class space    used 6296K, committed 6720K, reserved 1048576K
}
Event: 774.177 GC heap before
{Heap before GC invocations=658 (full 477):
 PSYoungGen      total 17408K, used 13311K [0x00000000f5580000, 0x00000000f7900000, 0x0000000100000000)
  eden space 13312K, 99% used [0x00000000f5580000,0x00000000f627ffc0,0x00000000f6280000)
  from space 4096K, 0% used [0x00000000f6280000,0x00000000f6280000,0x00000000f6680000)
  to   space 10752K, 0% used [0x00000000f6e80000,0x00000000f6e80000,0x00000000f7900000)
 ParOldGen       total 349696K, used 349694K [0x00000000e0000000, 0x00000000f5580000, 0x00000000f5580000)
  object space 349696K, 99% used [0x00000000e0000000,0x00000000f557f898,0x00000000f5580000)
 Metaspace       used 64596K, committed 65536K, reserved 1114112K
  class space    used 6296K, committed 6720K, reserved 1048576K
}
Event: 775.351 GC heap after
{Heap after GC invocations=658 (full 477):
 PSYoungGen      total 24064K, used 13311K [0x00000000f5580000, 0x00000000f7900000, 0x0000000100000000)
  eden space 13312K, 99% used [0x00000000f5580000,0x00000000f627ffc0,0x00000000f6280000)
  from space 10752K, 0% used [0x00000000f6e80000,0x00000000f6e80000,0x00000000f7900000)
  to   space 4096K, 0% used [0x00000000f6280000,0x00000000f6280000,0x00000000f6680000)
 ParOldGen       total 349696K, used 349694K [0x00000000e0000000, 0x00000000f5580000, 0x00000000f5580000)
  object space 349696K, 99% used [0x00000000e0000000,0x00000000f557f898,0x00000000f5580000)
 Metaspace       used 64596K, committed 65536K, reserved 1114112K
  class space    used 6296K, committed 6720K, reserved 1048576K
}
Event: 775.352 GC heap before
{Heap before GC invocations=659 (full 478):
 PSYoungGen      total 24064K, used 13311K [0x00000000f5580000, 0x00000000f7900000, 0x0000000100000000)
  eden space 13312K, 99% used [0x00000000f5580000,0x00000000f627fff8,0x00000000f6280000)
  from space 10752K, 0% used [0x00000000f6e80000,0x00000000f6e80000,0x00000000f7900000)
  to   space 4096K, 0% used [0x00000000f6280000,0x00000000f6280000,0x00000000f6680000)
 ParOldGen       total 349696K, used 349695K [0x00000000e0000000, 0x00000000f5580000, 0x00000000f5580000)
  object space 349696K, 99% used [0x00000000e0000000,0x00000000f557fe00,0x00000000f5580000)
 Metaspace       used 64596K, committed 65536K, reserved 1114112K
  class space    used 6296K, committed 6720K, reserved 1048576K
}
Event: 776.359 GC heap after
{Heap after GC invocations=659 (full 478):
 PSYoungGen      total 17408K, used 13311K [0x00000000f5580000, 0x00000000f7900000, 0x0000000100000000)
  eden space 13312K, 99% used [0x00000000f5580000,0x00000000f627ff70,0x00000000f6280000)
  from space 4096K, 0% used [0x00000000f6280000,0x00000000f6280000,0x00000000f6680000)
  to   space 10752K, 0% used [0x00000000f6e80000,0x00000000f6e80000,0x00000000f7900000)
 ParOldGen       total 349696K, used 349694K [0x00000000e0000000, 0x00000000f5580000, 0x00000000f5580000)
  object space 349696K, 99% used [0x00000000e0000000,0x00000000f557f998,0x00000000f5580000)
 Metaspace       used 64596K, committed 65536K, reserved 1114112K
  class space    used 6296K, committed 6720K, reserved 1048576K
}
Event: 776.359 GC heap before
{Heap before GC invocations=660 (full 479):
 PSYoungGen      total 17408K, used 13311K [0x00000000f5580000, 0x00000000f7900000, 0x0000000100000000)
  eden space 13312K, 99% used [0x00000000f5580000,0x00000000f627ff70,0x00000000f6280000)
  from space 4096K, 0% used [0x00000000f6280000,0x00000000f6280000,0x00000000f6680000)
  to   space 10752K, 0% used [0x00000000f6e80000,0x00000000f6e80000,0x00000000f7900000)
 ParOldGen       total 349696K, used 349694K [0x00000000e0000000, 0x00000000f5580000, 0x00000000f5580000)
  object space 349696K, 99% used [0x00000000e0000000,0x00000000f557f998,0x00000000f5580000)
 Metaspace       used 64596K, committed 65536K, reserved 1114112K
  class space    used 6296K, committed 6720K, reserved 1048576K
}
Event: 777.291 GC heap after
{Heap after GC invocations=660 (full 479):
 PSYoungGen      total 24064K, used 13311K [0x00000000f5580000, 0x00000000f7900000, 0x0000000100000000)
  eden space 13312K, 99% used [0x00000000f5580000,0x00000000f627ff70,0x00000000f6280000)
  from space 10752K, 0% used [0x00000000f6e80000,0x00000000f6e80000,0x00000000f7900000)
  to   space 4096K, 0% used [0x00000000f6280000,0x00000000f6280000,0x00000000f6680000)
 ParOldGen       total 349696K, used 349694K [0x00000000e0000000, 0x00000000f5580000, 0x00000000f5580000)
  object space 349696K, 99% used [0x00000000e0000000,0x00000000f557f998,0x00000000f5580000)
 Metaspace       used 64596K, committed 65536K, reserved 1114112K
  class space    used 6296K, committed 6720K, reserved 1048576K
}

